<?xml version="1.0" encoding="UTF-8"?>
<!-- Generated by org.testng.reporters.JUnitXMLReporter -->
<testsuite ignored="0" hostname="DESKTOP-V5F1GLP" failures="3" tests="6" name="Launch" time="166.376" errors="0" timestamp="2025-09-10T13:25:09 IST">
  <testcase classname="testScript.TextBoxPage_Test" name="test1" time="9.228">
    <failure type="java.lang.AssertionError" message="expected [true] but found [false]">
      <![CDATA[java.lang.AssertionError: expected [true] but found [false]
at testScript.TextBoxPage_Test.test1(TextBoxPage_Test.java:51)
at java.base/java.util.ArrayList.forEach(ArrayList.java:1596)
... Removed 29 stack frames]]>
    </failure>
  </testcase> <!-- test1 -->
  <testcase classname="testScript.TextBoxPage_Test" name="test1" time="7.345"/>
  <testcase classname="testScript.TextBoxPage_Test" name="test1" time="7.608">
    <failure type="java.lang.AssertionError" message="expected [true] but found [false]">
      <![CDATA[java.lang.AssertionError: expected [true] but found [false]
at testScript.TextBoxPage_Test.test1(TextBoxPage_Test.java:51)
at java.base/java.util.ArrayList.forEach(ArrayList.java:1596)
... Removed 29 stack frames]]>
    </failure>
  </testcase> <!-- test1 -->
  <testcase classname="testScript.TextBoxPage_Test" name="test1" time="0.345">
    <failure type="java.lang.IllegalArgumentException" message="Keys to send should be a not null CharSequence">
      <![CDATA[java.lang.IllegalArgumentException: Keys to send should be a not null CharSequence
at org.openqa.selenium.remote.RemoteWebElement.sendKeys(RemoteWebElement.java:97)
at org.openqa.selenium.support.pagefactory.internal.LocatingElementHandler.invoke(LocatingElementHandler.java:51)
at jdk.proxy2/jdk.proxy2.$Proxy20.sendKeys(Unknown Source)
at pageHelper.TextBoxPageHelper.fillUserName(TextBoxPageHelper.java:60)
at testScript.TextBoxPage_Test.test1(TextBoxPage_Test.java:36)
at java.base/java.util.ArrayList.forEach(ArrayList.java:1596)
... Removed 27 stack frames]]>
    </failure>
  </testcase> <!-- test1 -->
  <testcase classname="testScript.TextBoxPage_Test" name="test2" time="2.458"/>
  <testcase classname="testScript.TextBoxPage_Test" name="test3" time="1.98"/>
</testsuite> <!-- Launch -->
