<?xml version="1.0" encoding="UTF-8"?>
<testng-results ignored="0" total="6" passed="3" failed="3" skipped="0">
  <reporter-output>
  </reporter-output>
  <suite started-at="2025-09-10T13:22:23 IST" name="Suite" finished-at="2025-09-10T13:25:09 IST" duration-ms="166376">
    <groups>
    </groups>
    <test started-at="2025-09-10T13:22:23 IST" name="Launch" finished-at="2025-09-10T13:25:09 IST" duration-ms="166376">
      <class name="testScript.TextBoxPage_Test">
        <test-method is-config="true" signature="initializeBrowser(java.lang.String)[pri:0, instance:testScript.TextBoxPage_Test@624ea235]" started-at="2025-09-10T13:22:24 IST" name="initializeBrowser" finished-at="2025-09-10T13:22:57 IST" duration-ms="33156" status="PASS">
          <params>
            <param index="0">
              <value>
                <![CDATA[Chrome]]>
              </value>
            </param>
          </params>
          <reporter-output>
          </reporter-output>
        </test-method> <!-- initializeBrowser -->
        <test-method signature="test1(java.lang.String,java.lang.String,java.lang.String,java.lang.String)[pri:0, instance:testScript.TextBoxPage_Test@624ea235]" started-at="2025-09-10T13:22:57 IST" name="test1" description="verify user email field get highlighted when form submitted with invalid email id." data-provider="dp" finished-at="2025-09-10T13:23:06 IST" duration-ms="9228" status="FAIL">
          <params>
            <param index="0">
              <value>
                <![CDATA[dfdsfs]]>
              </value>
            </param>
            <param index="1">
              <value>
                <![CDATA[fdgfdg@ggg.com]]>
              </value>
            </param>
            <param index="2">
              <value>
                <![CDATA[df]]>
              </value>
            </param>
            <param index="3">
              <value>
                <![CDATA[gfdgfd]]>
              </value>
            </param>
          </params>
          <exception class="java.lang.AssertionError">
            <message>
              <![CDATA[expected [true] but found [false]]]>
            </message>
            <full-stacktrace>
              <![CDATA[java.lang.AssertionError: expected [true] but found [false]
at org.testng.Assert.fail(Assert.java:99)
at org.testng.Assert.failNotEquals(Assert.java:1037)
at org.testng.Assert.assertTrue(Assert.java:45)
at org.testng.Assert.assertTrue(Assert.java:55)
at testScript.TextBoxPage_Test.test1(TextBoxPage_Test.java:51)
at java.base/jdk.internal.reflect.DirectMethodHandleAccessor.invoke(DirectMethodHandleAccessor.java:103)
at java.base/java.lang.reflect.Method.invoke(Method.java:580)
at org.testng.internal.MethodInvocationHelper.invokeMethod(MethodInvocationHelper.java:133)
at org.testng.internal.TestInvoker.invokeMethod(TestInvoker.java:598)
at org.testng.internal.TestInvoker.invokeTestMethod(TestInvoker.java:173)
at org.testng.internal.MethodRunner.runInSequence(MethodRunner.java:46)
at org.testng.internal.TestInvoker$MethodInvocationAgent.invoke(TestInvoker.java:824)
at org.testng.internal.TestInvoker.invokeTestMethods(TestInvoker.java:146)
at org.testng.internal.TestMethodWorker.invokeTestMethods(TestMethodWorker.java:146)
at org.testng.internal.TestMethodWorker.run(TestMethodWorker.java:128)
at java.base/java.util.ArrayList.forEach(ArrayList.java:1596)
at org.testng.TestRunner.privateRun(TestRunner.java:794)
at org.testng.TestRunner.run(TestRunner.java:596)
at org.testng.SuiteRunner.runTest(SuiteRunner.java:377)
at org.testng.SuiteRunner.runSequentially(SuiteRunner.java:371)
at org.testng.SuiteRunner.privateRun(SuiteRunner.java:332)
at org.testng.SuiteRunner.run(SuiteRunner.java:276)
at org.testng.SuiteRunnerWorker.runSuite(SuiteRunnerWorker.java:53)
at org.testng.SuiteRunnerWorker.run(SuiteRunnerWorker.java:96)
at org.testng.TestNG.runSuitesSequentially(TestNG.java:1212)
at org.testng.TestNG.runSuitesLocally(TestNG.java:1134)
at org.testng.TestNG.runSuites(TestNG.java:1063)
at org.testng.TestNG.run(TestNG.java:1031)
at org.testng.remote.AbstractRemoteTestNG.run(AbstractRemoteTestNG.java:115)
at org.testng.remote.RemoteTestNG.initAndRun(RemoteTestNG.java:293)
at org.testng.remote.RemoteTestNG.main(RemoteTestNG.java:91)
]]>
            </full-stacktrace>
          </exception> <!-- java.lang.AssertionError -->
          <reporter-output>
          </reporter-output>
        </test-method> <!-- test1 -->
        <test-method is-config="true" signature="quitBrowser()[pri:0, instance:testScript.TextBoxPage_Test@624ea235]" started-at="2025-09-10T13:23:06 IST" name="quitBrowser" finished-at="2025-09-10T13:23:08 IST" duration-ms="1501" status="PASS">
          <reporter-output>
          </reporter-output>
        </test-method> <!-- quitBrowser -->
        <test-method is-config="true" signature="initializeBrowser(java.lang.String)[pri:0, instance:testScript.TextBoxPage_Test@624ea235]" started-at="2025-09-10T13:23:08 IST" name="initializeBrowser" finished-at="2025-09-10T13:23:31 IST" duration-ms="22575" status="PASS">
          <params>
            <param index="0">
              <value>
                <![CDATA[Chrome]]>
              </value>
            </param>
          </params>
          <reporter-output>
          </reporter-output>
        </test-method> <!-- initializeBrowser -->
        <test-method signature="test1(java.lang.String,java.lang.String,java.lang.String,java.lang.String)[pri:0, instance:testScript.TextBoxPage_Test@624ea235]" started-at="2025-09-10T13:23:31 IST" name="test1" description="verify user email field get highlighted when form submitted with invalid email id." data-provider="dp" finished-at="2025-09-10T13:23:38 IST" duration-ms="7345" status="PASS">
          <params>
            <param index="0">
              <value>
                <![CDATA[sfdf]]>
              </value>
            </param>
            <param index="1">
              <value>
                <![CDATA[fgff]]>
              </value>
            </param>
            <param index="2">
              <value>
                <![CDATA[fgf]]>
              </value>
            </param>
            <param index="3">
              <value>
                <![CDATA[fdgf]]>
              </value>
            </param>
          </params>
          <reporter-output>
          </reporter-output>
        </test-method> <!-- test1 -->
        <test-method is-config="true" signature="quitBrowser()[pri:0, instance:testScript.TextBoxPage_Test@624ea235]" started-at="2025-09-10T13:23:38 IST" name="quitBrowser" finished-at="2025-09-10T13:23:39 IST" duration-ms="1064" status="PASS">
          <reporter-output>
          </reporter-output>
        </test-method> <!-- quitBrowser -->
        <test-method is-config="true" signature="initializeBrowser(java.lang.String)[pri:0, instance:testScript.TextBoxPage_Test@624ea235]" started-at="2025-09-10T13:23:39 IST" name="initializeBrowser" finished-at="2025-09-10T13:23:57 IST" duration-ms="18007" status="PASS">
          <params>
            <param index="0">
              <value>
                <![CDATA[Chrome]]>
              </value>
            </param>
          </params>
          <reporter-output>
          </reporter-output>
        </test-method> <!-- initializeBrowser -->
        <test-method signature="test1(java.lang.String,java.lang.String,java.lang.String,java.lang.String)[pri:0, instance:testScript.TextBoxPage_Test@624ea235]" started-at="2025-09-10T13:23:57 IST" name="test1" description="verify user email field get highlighted when form submitted with invalid email id." data-provider="dp" finished-at="2025-09-10T13:24:05 IST" duration-ms="7608" status="FAIL">
          <params>
            <param index="0">
              <value>
                <![CDATA[dfdsfs]]>
              </value>
            </param>
            <param index="1">
              <value>
                <![CDATA[fdgs@gmai.com]]>
              </value>
            </param>
            <param index="2">
              <value>
                <![CDATA[fdfg]]>
              </value>
            </param>
            <param index="3">
              <value>
                <![CDATA[dfg]]>
              </value>
            </param>
          </params>
          <exception class="java.lang.AssertionError">
            <message>
              <![CDATA[expected [true] but found [false]]]>
            </message>
            <full-stacktrace>
              <![CDATA[java.lang.AssertionError: expected [true] but found [false]
at org.testng.Assert.fail(Assert.java:99)
at org.testng.Assert.failNotEquals(Assert.java:1037)
at org.testng.Assert.assertTrue(Assert.java:45)
at org.testng.Assert.assertTrue(Assert.java:55)
at testScript.TextBoxPage_Test.test1(TextBoxPage_Test.java:51)
at java.base/jdk.internal.reflect.DirectMethodHandleAccessor.invoke(DirectMethodHandleAccessor.java:103)
at java.base/java.lang.reflect.Method.invoke(Method.java:580)
at org.testng.internal.MethodInvocationHelper.invokeMethod(MethodInvocationHelper.java:133)
at org.testng.internal.TestInvoker.invokeMethod(TestInvoker.java:598)
at org.testng.internal.TestInvoker.invokeTestMethod(TestInvoker.java:173)
at org.testng.internal.MethodRunner.runInSequence(MethodRunner.java:46)
at org.testng.internal.TestInvoker$MethodInvocationAgent.invoke(TestInvoker.java:824)
at org.testng.internal.TestInvoker.invokeTestMethods(TestInvoker.java:146)
at org.testng.internal.TestMethodWorker.invokeTestMethods(TestMethodWorker.java:146)
at org.testng.internal.TestMethodWorker.run(TestMethodWorker.java:128)
at java.base/java.util.ArrayList.forEach(ArrayList.java:1596)
at org.testng.TestRunner.privateRun(TestRunner.java:794)
at org.testng.TestRunner.run(TestRunner.java:596)
at org.testng.SuiteRunner.runTest(SuiteRunner.java:377)
at org.testng.SuiteRunner.runSequentially(SuiteRunner.java:371)
at org.testng.SuiteRunner.privateRun(SuiteRunner.java:332)
at org.testng.SuiteRunner.run(SuiteRunner.java:276)
at org.testng.SuiteRunnerWorker.runSuite(SuiteRunnerWorker.java:53)
at org.testng.SuiteRunnerWorker.run(SuiteRunnerWorker.java:96)
at org.testng.TestNG.runSuitesSequentially(TestNG.java:1212)
at org.testng.TestNG.runSuitesLocally(TestNG.java:1134)
at org.testng.TestNG.runSuites(TestNG.java:1063)
at org.testng.TestNG.run(TestNG.java:1031)
at org.testng.remote.AbstractRemoteTestNG.run(AbstractRemoteTestNG.java:115)
at org.testng.remote.RemoteTestNG.initAndRun(RemoteTestNG.java:293)
at org.testng.remote.RemoteTestNG.main(RemoteTestNG.java:91)
]]>
            </full-stacktrace>
          </exception> <!-- java.lang.AssertionError -->
          <reporter-output>
          </reporter-output>
        </test-method> <!-- test1 -->
        <test-method is-config="true" signature="quitBrowser()[pri:0, instance:testScript.TextBoxPage_Test@624ea235]" started-at="2025-09-10T13:24:05 IST" name="quitBrowser" finished-at="2025-09-10T13:24:06 IST" duration-ms="788" status="PASS">
          <reporter-output>
          </reporter-output>
        </test-method> <!-- quitBrowser -->
        <test-method is-config="true" signature="initializeBrowser(java.lang.String)[pri:0, instance:testScript.TextBoxPage_Test@624ea235]" started-at="2025-09-10T13:24:06 IST" name="initializeBrowser" finished-at="2025-09-10T13:24:21 IST" duration-ms="15038" status="PASS">
          <params>
            <param index="0">
              <value>
                <![CDATA[Chrome]]>
              </value>
            </param>
          </params>
          <reporter-output>
          </reporter-output>
        </test-method> <!-- initializeBrowser -->
        <test-method signature="test1(java.lang.String,java.lang.String,java.lang.String,java.lang.String)[pri:0, instance:testScript.TextBoxPage_Test@624ea235]" started-at="2025-09-10T13:24:21 IST" name="test1" description="verify user email field get highlighted when form submitted with invalid email id." data-provider="dp" finished-at="2025-09-10T13:24:21 IST" duration-ms="345" status="FAIL">
          <params>
            <param index="0">
              <value is-null="true"/>
            </param>
            <param index="1">
              <value is-null="true"/>
            </param>
            <param index="2">
              <value is-null="true"/>
            </param>
            <param index="3">
              <value is-null="true"/>
            </param>
          </params>
          <exception class="java.lang.IllegalArgumentException">
            <message>
              <![CDATA[Keys to send should be a not null CharSequence]]>
            </message>
            <full-stacktrace>
              <![CDATA[java.lang.IllegalArgumentException: Keys to send should be a not null CharSequence
at org.openqa.selenium.remote.RemoteWebElement.sendKeys(RemoteWebElement.java:97)
at java.base/jdk.internal.reflect.DirectMethodHandleAccessor.invoke(DirectMethodHandleAccessor.java:103)
at java.base/java.lang.reflect.Method.invoke(Method.java:580)
at org.openqa.selenium.support.pagefactory.internal.LocatingElementHandler.invoke(LocatingElementHandler.java:51)
at jdk.proxy2/jdk.proxy2.$Proxy20.sendKeys(Unknown Source)
at pageHelper.TextBoxPageHelper.fillUserName(TextBoxPageHelper.java:60)
at testScript.TextBoxPage_Test.test1(TextBoxPage_Test.java:36)
at java.base/jdk.internal.reflect.DirectMethodHandleAccessor.invoke(DirectMethodHandleAccessor.java:103)
at java.base/java.lang.reflect.Method.invoke(Method.java:580)
at org.testng.internal.MethodInvocationHelper.invokeMethod(MethodInvocationHelper.java:133)
at org.testng.internal.TestInvoker.invokeMethod(TestInvoker.java:598)
at org.testng.internal.TestInvoker.invokeTestMethod(TestInvoker.java:173)
at org.testng.internal.MethodRunner.runInSequence(MethodRunner.java:46)
at org.testng.internal.TestInvoker$MethodInvocationAgent.invoke(TestInvoker.java:824)
at org.testng.internal.TestInvoker.invokeTestMethods(TestInvoker.java:146)
at org.testng.internal.TestMethodWorker.invokeTestMethods(TestMethodWorker.java:146)
at org.testng.internal.TestMethodWorker.run(TestMethodWorker.java:128)
at java.base/java.util.ArrayList.forEach(ArrayList.java:1596)
at org.testng.TestRunner.privateRun(TestRunner.java:794)
at org.testng.TestRunner.run(TestRunner.java:596)
at org.testng.SuiteRunner.runTest(SuiteRunner.java:377)
at org.testng.SuiteRunner.runSequentially(SuiteRunner.java:371)
at org.testng.SuiteRunner.privateRun(SuiteRunner.java:332)
at org.testng.SuiteRunner.run(SuiteRunner.java:276)
at org.testng.SuiteRunnerWorker.runSuite(SuiteRunnerWorker.java:53)
at org.testng.SuiteRunnerWorker.run(SuiteRunnerWorker.java:96)
at org.testng.TestNG.runSuitesSequentially(TestNG.java:1212)
at org.testng.TestNG.runSuitesLocally(TestNG.java:1134)
at org.testng.TestNG.runSuites(TestNG.java:1063)
at org.testng.TestNG.run(TestNG.java:1031)
at org.testng.remote.AbstractRemoteTestNG.run(AbstractRemoteTestNG.java:115)
at org.testng.remote.RemoteTestNG.initAndRun(RemoteTestNG.java:293)
at org.testng.remote.RemoteTestNG.main(RemoteTestNG.java:91)
]]>
            </full-stacktrace>
          </exception> <!-- java.lang.IllegalArgumentException -->
          <reporter-output>
          </reporter-output>
        </test-method> <!-- test1 -->
        <test-method is-config="true" signature="quitBrowser()[pri:0, instance:testScript.TextBoxPage_Test@624ea235]" started-at="2025-09-10T13:24:21 IST" name="quitBrowser" finished-at="2025-09-10T13:24:22 IST" duration-ms="892" status="PASS">
          <reporter-output>
          </reporter-output>
        </test-method> <!-- quitBrowser -->
        <test-method is-config="true" signature="initializeBrowser(java.lang.String)[pri:0, instance:testScript.TextBoxPage_Test@624ea235]" started-at="2025-09-10T13:24:22 IST" name="initializeBrowser" finished-at="2025-09-10T13:24:39 IST" duration-ms="16641" status="PASS">
          <params>
            <param index="0">
              <value>
                <![CDATA[Chrome]]>
              </value>
            </param>
          </params>
          <reporter-output>
          </reporter-output>
        </test-method> <!-- initializeBrowser -->
        <test-method signature="test2()[pri:0, instance:testScript.TextBoxPage_Test@624ea235]" started-at="2025-09-10T13:24:39 IST" name="test2" finished-at="2025-09-10T13:24:41 IST" duration-ms="2458" status="PASS">
          <reporter-output>
          </reporter-output>
        </test-method> <!-- test2 -->
        <test-method is-config="true" signature="quitBrowser()[pri:0, instance:testScript.TextBoxPage_Test@624ea235]" started-at="2025-09-10T13:24:41 IST" name="quitBrowser" finished-at="2025-09-10T13:24:42 IST" duration-ms="461" status="PASS">
          <reporter-output>
          </reporter-output>
        </test-method> <!-- quitBrowser -->
        <test-method is-config="true" signature="initializeBrowser(java.lang.String)[pri:0, instance:testScript.TextBoxPage_Test@624ea235]" started-at="2025-09-10T13:24:42 IST" name="initializeBrowser" finished-at="2025-09-10T13:25:06 IST" duration-ms="24451" status="PASS">
          <params>
            <param index="0">
              <value>
                <![CDATA[Chrome]]>
              </value>
            </param>
          </params>
          <reporter-output>
          </reporter-output>
        </test-method> <!-- initializeBrowser -->
        <test-method signature="test3()[pri:0, instance:testScript.TextBoxPage_Test@624ea235]" started-at="2025-09-10T13:25:06 IST" name="test3" description="verify Filled Data appears After form Submission" finished-at="2025-09-10T13:25:08 IST" duration-ms="1980" status="PASS">
          <reporter-output>
          </reporter-output>
        </test-method> <!-- test3 -->
        <test-method is-config="true" signature="quitBrowser()[pri:0, instance:testScript.TextBoxPage_Test@624ea235]" started-at="2025-09-10T13:25:08 IST" name="quitBrowser" finished-at="2025-09-10T13:25:09 IST" duration-ms="737" status="PASS">
          <reporter-output>
          </reporter-output>
        </test-method> <!-- quitBrowser -->
      </class> <!-- testScript.TextBoxPage_Test -->
    </test> <!-- Launch -->
  </suite> <!-- Suite -->
</testng-results>
